\BOOKMARK [0][-]{chapter*.2}{\376\377\000I\000n\000f\000o\000r\000m\000a\000z\000i\000o\000n\000i\000\040\000e\000\040\000C\000o\000n\000t\000a\000t\000t\000i}{}% 1
\BOOKMARK [0][-]{chapter.1}{\376\377\000L\000i\000n\000g\000u\000a\000g\000g\000i\000\040\000e\000d\000\040\000e\000s\000p\000r\000e\000s\000s\000i\000o\000n\000i\000\040\000r\000e\000g\000o\000l\000a\000r\000i}{}% 2
\BOOKMARK [1][-]{section.1.1}{\376\377\000S\000t\000r\000i\000n\000g\000h\000e\000\040\000e\000\040\000l\000i\000n\000g\000u\000a\000g\000g\000i}{chapter.1}% 3
\BOOKMARK [2][-]{subsection.1.1.1}{\376\377\000S\000t\000r\000i\000n\000g\000h\000e}{section.1.1}% 4
\BOOKMARK [2][-]{subsection.1.1.2}{\376\377\000L\000i\000n\000g\000u\000a\000g\000g\000i}{section.1.1}% 5
\BOOKMARK [2][-]{subsection.1.1.3}{\376\377\000F\000u\000n\000z\000i\000o\000n\000i\000\040\000d\000i\000\040\000H\000a\000m\000m\000i\000n\000g}{section.1.1}% 6
\BOOKMARK [1][-]{section.1.2}{\376\377\000D\000e\000t\000e\000r\000m\000i\000n\000i\000s\000m\000o}{chapter.1}% 7
\BOOKMARK [2][-]{subsection.1.2.1}{\376\377\000D\000e\000f\000i\000n\000i\000z\000i\000o\000n\000i}{section.1.2}% 8
\BOOKMARK [2][-]{subsection.1.2.2}{\376\377\000L\000i\000n\000g\000u\000a\000g\000g\000i\000\040\000r\000e\000g\000o\000l\000a\000r\000i}{section.1.2}% 9
\BOOKMARK [1][-]{section.1.3}{\376\377\000N\000o\000n\000\040\000d\000e\000t\000e\000r\000m\000i\000n\000i\000s\000m\000o}{chapter.1}% 10
\BOOKMARK [2][-]{subsection.1.3.1}{\376\377\000D\000e\000f\000i\000n\000i\000z\000i\000o\000n\000i}{section.1.3}% 11
\BOOKMARK [2][-]{subsection.1.3.2}{\376\377\000E\000q\000u\000i\000v\000a\000l\000e\000n\000z\000e}{section.1.3}% 12
\BOOKMARK [1][-]{section.1.4}{\376\377\000O\000p\000e\000r\000a\000z\000i\000o\000n\000i\000\040\000r\000e\000g\000o\000l\000a\000r\000i}{chapter.1}% 13
\BOOKMARK [2][-]{subsection.1.4.1}{\376\377\000U\000n\000i\000o\000n\000e}{section.1.4}% 14
\BOOKMARK [2][-]{subsection.1.4.2}{\376\377\000I\000n\000t\000e\000r\000s\000e\000z\000i\000o\000n\000e}{section.1.4}% 15
\BOOKMARK [2][-]{subsection.1.4.3}{\376\377\000C\000o\000n\000c\000a\000t\000e\000n\000a\000z\000i\000o\000n\000e}{section.1.4}% 16
\BOOKMARK [2][-]{subsection.1.4.4}{\376\377\000E\000l\000e\000v\000a\000m\000e\000n\000t\000o\000\040\000a\000\040\000p\000o\000t\000e\000n\000z\000a}{section.1.4}% 17
\BOOKMARK [2][-]{subsection.1.4.5}{\376\377\000S\000t\000a\000r}{section.1.4}% 18
\BOOKMARK [2][-]{subsection.1.4.6}{\376\377\000C\000o\000m\000p\000l\000e\000m\000e\000n\000t\000o}{section.1.4}% 19
\BOOKMARK [1][-]{section.1.5}{\376\377\000E\000s\000p\000r\000e\000s\000s\000i\000o\000n\000i\000\040\000r\000e\000g\000o\000l\000a\000r\000i}{chapter.1}% 20
\BOOKMARK [2][-]{subsection.1.5.1}{\376\377\000D\000e\000f\000i\000n\000i\000z\000i\000o\000n\000i}{section.1.5}% 21
\BOOKMARK [1][-]{section.1.6}{\376\377\000C\000o\000n\000f\000i\000g\000u\000r\000a\000z\000i\000o\000n\000i}{chapter.1}% 22
\BOOKMARK [2][-]{subsection.1.6.1}{\376\377\000C\000o\000n\000f\000i\000g\000u\000r\000a\000z\000i\000o\000n\000i\000\040\000d\000i\000\040\000D\000F\000A}{section.1.6}% 23
\BOOKMARK [2][-]{subsection.1.6.2}{\376\377\000C\000o\000n\000f\000i\000g\000u\000r\000a\000z\000i\000o\000n\000i\000\040\000d\000i\000\040\000N\000F\000A}{section.1.6}% 24
\BOOKMARK [1][-]{section.1.7}{\376\377\000N\000o\000n\000\040\000d\000e\000t\000e\000r\000m\000i\000n\000i\000s\000m\000o\000\040\000g\000e\000n\000e\000r\000a\000l\000i\000z\000z\000a\000t\000o}{chapter.1}% 25
\BOOKMARK [2][-]{subsection.1.7.1}{\376\377\000D\000e\000f\000i\000n\000i\000z\000i\000o\000n\000i}{section.1.7}% 26
\BOOKMARK [2][-]{subsection.1.7.2}{\376\377\000E\000q\000u\000i\000v\000a\000l\000e\000n\000z\000e}{section.1.7}% 27
\BOOKMARK [1][-]{section.1.8}{\376\377\000L\000i\000n\000g\000u\000a\000g\000g\000i\000\040\000n\000o\000n\000\040\000r\000e\000g\000o\000l\000a\000r\000i}{chapter.1}% 28
\BOOKMARK [2][-]{subsection.1.8.1}{\376\377\000P\000u\000m\000p\000i\000n\000g\000\040\000l\000e\000m\000m\000a}{section.1.8}% 29
\BOOKMARK [0][-]{chapter.2}{\376\377\000L\000i\000n\000g\000u\000a\000g\000g\000i\000\040\000e\000\040\000g\000r\000a\000m\000m\000a\000t\000i\000c\000h\000e\000\040\000c\000o\000n\000t\000e\000x\000t\000-\000f\000r\000e\000e}{}% 30
\BOOKMARK [1][-]{section.2.1}{\376\377\000G\000r\000a\000m\000m\000a\000t\000i\000c\000h\000e\000\040\000c\000o\000n\000t\000e\000x\000t\000-\000f\000r\000e\000e}{chapter.2}% 31
\BOOKMARK [2][-]{subsection.2.1.1}{\376\377\000D\000e\000f\000i\000n\000i\000z\000i\000o\000n\000i}{section.2.1}% 32
\BOOKMARK [2][-]{subsection.2.1.2}{\376\377\000A\000m\000b\000i\000g\000u\000i\000t\000\340}{section.2.1}% 33
\BOOKMARK [2][-]{subsection.2.1.3}{\376\377\000F\000o\000r\000m\000a\000\040\000n\000o\000r\000m\000a\000l\000e\000\040\000d\000i\000\040\000C\000h\000o\000m\000s\000k\000y}{section.2.1}% 34
\BOOKMARK [1][-]{section.2.2}{\376\377\000A\000u\000t\000o\000m\000i\000\040\000a\000\040\000p\000i\000l\000a}{chapter.2}% 35
\BOOKMARK [2][-]{subsection.2.2.1}{\376\377\000D\000e\000f\000i\000n\000i\000z\000i\000o\000n\000i}{section.2.2}% 36
\BOOKMARK [2][-]{subsection.2.2.2}{\376\377\000E\000q\000u\000i\000v\000a\000l\000e\000n\000z\000e}{section.2.2}% 37
\BOOKMARK [1][-]{section.2.3}{\376\377\000L\000i\000n\000g\000u\000a\000g\000g\000i\000\040\000n\000o\000n\000\040\000c\000o\000n\000t\000e\000x\000t\000-\000f\000r\000e\000e}{chapter.2}% 38
\BOOKMARK [2][-]{subsection.2.3.1}{\376\377\000P\000u\000m\000p\000i\000n\000g\000\040\000l\000e\000m\000m\000a}{section.2.3}% 39
\BOOKMARK [1][-]{section.2.4}{\376\377\000O\000p\000e\000r\000a\000z\000i\000o\000n\000i\000\040\000c\000o\000n\000t\000e\000x\000t\000-\000f\000r\000e\000e}{chapter.2}% 40
\BOOKMARK [2][-]{subsection.2.4.1}{\376\377\000U\000n\000i\000o\000n\000e}{section.2.4}% 41
\BOOKMARK [2][-]{subsection.2.4.2}{\376\377\000C\000o\000n\000c\000a\000t\000e\000n\000a\000z\000i\000o\000n\000e}{section.2.4}% 42
\BOOKMARK [2][-]{subsection.2.4.3}{\376\377\000S\000t\000a\000r}{section.2.4}% 43
\BOOKMARK [2][-]{subsection.2.4.4}{\376\377\000I\000n\000t\000e\000r\000s\000e\000z\000i\000o\000n\000e}{section.2.4}% 44
\BOOKMARK [2][-]{subsection.2.4.5}{\376\377\000C\000o\000m\000p\000l\000e\000m\000e\000n\000t\000o}{section.2.4}% 45
\BOOKMARK [0][-]{chapter.3}{\376\377\000D\000e\000c\000i\000d\000i\000b\000i\000l\000i\000t\000\340}{}% 46
\BOOKMARK [1][-]{section.3.1}{\376\377\000M\000a\000c\000c\000h\000i\000n\000e\000\040\000d\000i\000\040\000T\000u\000r\000i\000n\000g}{chapter.3}% 47
\BOOKMARK [2][-]{subsection.3.1.1}{\376\377\000D\000e\000f\000i\000n\000i\000z\000i\000o\000n\000i}{section.3.1}% 48
\BOOKMARK [2][-]{subsection.3.1.2}{\376\377\000C\000o\000n\000f\000i\000g\000u\000r\000a\000z\000i\000o\000n\000i\000\040\000d\000i\000\040\000T\000M}{section.3.1}% 49
\BOOKMARK [1][-]{section.3.2}{\376\377\000V\000a\000r\000i\000a\000n\000t\000i\000\040\000d\000i\000\040\000m\000a\000c\000c\000h\000i\000n\000e\000\040\000d\000i\000\040\000T\000u\000r\000i\000n\000g}{chapter.3}% 50
\BOOKMARK [2][-]{subsection.3.2.1}{\376\377\000M\000a\000c\000c\000h\000i\000n\000e\000\040\000d\000i\000\040\000T\000u\000r\000i\000n\000g\000\040\000c\000o\000n\000\040\000t\000e\000s\000t\000i\000n\000a\000\040\000f\000e\000r\000m\000a}{section.3.2}% 51
\BOOKMARK [2][-]{subsection.3.2.2}{\376\377\000M\000a\000c\000c\000h\000i\000n\000e\000\040\000d\000i\000\040\000T\000u\000r\000i\000n\000g\000\040\000m\000u\000l\000t\000i\000n\000a\000s\000t\000r\000o}{section.3.2}% 52
\BOOKMARK [2][-]{subsection.3.2.3}{\376\377\000M\000a\000c\000c\000h\000i\000n\000e\000\040\000d\000i\000\040\000T\000u\000r\000i\000n\000g\000\040\000n\000o\000n\000\040\000d\000e\000t\000e\000r\000m\000i\000n\000i\000s\000t\000i\000c\000h\000e}{section.3.2}% 53
\BOOKMARK [2][-]{subsection.3.2.4}{\376\377\000E\000n\000u\000m\000e\000r\000a\000t\000o\000r\000i}{section.3.2}% 54
